INFO:root:PC LOG Info
======================
INFO:root:

INFO:root:2023-07-31 02:18
INFO:root:
--------------------
INFO:root:Logging Completed No Errors Found
ERROR:root:PC Info Data Error
INFO:root:Logging completed division by zero
INFO:root:PC LOG Info
======================
INFO:root:

INFO:root:2023-07-31 02:20
INFO:root:
--------------------
INFO:root:Logging Completed No Errors Found
INFO:root:GIHAN SHAMIKE LIYANAGE (1142109)
INFO:root:Lab 10 Code Solution
INFO:root:Current Date with Time: 2023-07-31 02:44
INFO:root:Current Date - No Time: 2023-07-31
INFO:root:PC LOG Info
======================
INFO:root:

INFO:root:2023-07-31 02:44
INFO:root:
--------------------
INFO:root:Logging Completed No Errors Found
INFO:root:PC LOG Info
======================
INFO:root:

INFO:root:2023-07-31 02:46
INFO:root:
--------------------
INFO:root:Logging Completed No Errors Found
INFO:root:PC LOG Info
======================
INFO:root:

INFO:root:2023-07-31 11:30
INFO:root:
--------------------
INFO:root:Logging Completed No Errors Found
INFO:root:PC LOG Info
======================
INFO:root:

INFO:root:2023-08-08 18:56
INFO:root:
--------------------
INFO:root:Logging Completed No Errors Found
